<?xml version="1.0" encoding="UTF-8"?>
<testng-results ignored="0" total="1" passed="1" failed="0" skipped="0">
  <reporter-output>
  </reporter-output>
  <suite started-at="2021-07-30T16:44:56 IST" name="Default suite" finished-at="2021-07-30T16:46:14 IST" duration-ms="77943">
    <groups>
    </groups>
    <test started-at="2021-07-30T16:44:56 IST" name="Default test" finished-at="2021-07-30T16:46:14 IST" duration-ms="77943">
      <class name="scripts.AddingProductCart">
        <test-method is-config="true" signature="openApp()[pri:0, instance:scripts.AddingProductCart@418e7838]" started-at="2021-07-30T16:44:56 IST" name="openApp" finished-at="2021-07-30T16:45:53 IST" duration-ms="56487" status="PASS">
          <reporter-output>
          </reporter-output>
        </test-method> <!-- openApp -->
        <test-method signature="tc1()[pri:0, instance:scripts.AddingProductCart@418e7838]" started-at="2021-07-30T16:45:53 IST" name="tc1" finished-at="2021-07-30T16:46:10 IST" duration-ms="17326" status="PASS">
          <reporter-output>
          </reporter-output>
        </test-method> <!-- tc1 -->
        <test-method is-config="true" signature="closeApp(org.testng.ITestResult)[pri:0, instance:scripts.AddingProductCart@418e7838]" started-at="2021-07-30T16:46:10 IST" name="closeApp" finished-at="2021-07-30T16:46:14 IST" duration-ms="4048" status="PASS">
          <params>
            <param index="0">
              <value>
                <![CDATA[[TestResult name=tc1 status=SUCCESS method=AddingProductCart.tc1()[pri:0, instance:scripts.AddingProductCart@418e7838] output={null}]]]>
              </value>
            </param>
          </params>
          <reporter-output>
          </reporter-output>
        </test-method> <!-- closeApp -->
      </class> <!-- scripts.AddingProductCart -->
    </test> <!-- Default test -->
  </suite> <!-- Default suite -->
</testng-results>
